openCVLibrary343/build/intermediates/manifest_merge_blame_file/debug/manifest-merger-blame-debug-report.txt
1<?xml version="1.0" encoding="utf-8"?>
2<manifest xmlns:android="http://schemas.android.com/apk/res/android"
3    package="com.example.drife"
4    android:versionCode="3430"
5    android:versionName="3.4.3" >
6
7    <uses-sdk android:minSdkVersion="8" />
7-->src\main\AndroidManifest.xml
8
9</manifest>